# JRE version: OpenJDK Runtime Environment (Zulu 8.88.0.19-CA-macos-aarch64) (8.0_462-b08) (build 1.8.0_462-b08)
# Java VM: OpenJDK 64-Bit Server VM (25.462-b08 mixed mode bsd-aarch64 compressed oops)
Heap:
 PSYoungGen      total 202752K, used 188409K [0x0000000715580000, 0x0000000729200000, 0x00000007c0000000)
  eden space 194048K, 97% used [0x0000000715580000,0x0000000720d7e400,0x0000000721300000)
  from space 8704K, 0% used [0x0000000721300000,0x0000000721300000,0x0000000721b80000)
  to   space 9216K, 0% used [0x0000000728900000,0x0000000728900000,0x0000000729200000)
 ParOldGen       total 302080K, used 7545K [0x00000005c0000000, 0x00000005d2700000, 0x0000000715580000)
  object space 302080K, 2% used [0x00000005c0000000,0x00000005c075e470,0x00000005d2700000)
 Metaspace       used 39238K, capacity 41520K, committed 41728K, reserved 1085440K
  class space    used 5064K, capacity 5508K, committed 5632K, reserved 1048576K
GC Heap History (10 events):
Event: 2.061 GC heap before
{Heap before GC invocations=5 (full 1):
 PSYoungGen      total 153088K, used 131584K [0x0000000715580000, 0x0000000720000000, 0x00000007c0000000)
  eden space 131584K, 100% used [0x0000000715580000,0x000000071d600000,0x000000071d600000)
  from space 21504K, 0% used [0x000000071d600000,0x000000071d600000,0x000000071eb00000)
  to   space 21504K, 0% used [0x000000071eb00000,0x000000071eb00000,0x0000000720000000)
 ParOldGen       total 200704K, used 5686K [0x00000005c0000000, 0x00000005cc400000, 0x0000000715580000)
  object space 200704K, 2% used [0x00000005c0000000,0x00000005c058dbe0,0x00000005cc400000)
 Metaspace       used 21938K, capacity 23826K, committed 24192K, reserved 1071104K
  class space    used 2977K, capacity 3344K, committed 3456K, reserved 1048576K
Event: 2.062 GC heap after
Heap after GC invocations=5 (full 1):
 PSYoungGen      total 153088K, used 3284K [0x0000000715580000, 0x0000000723f80000, 0x00000007c0000000)
  eden space 131584K, 0% used [0x0000000715580000,0x0000000715580000,0x000000071d600000)
  from space 21504K, 15% used [0x000000071eb00000,0x000000071ee35038,0x0000000720000000)
  to   space 21504K, 0% used [0x000000071d600000,0x000000071d600000,0x000000071eb00000)
 ParOldGen       total 200704K, used 5694K [0x00000005c0000000, 0x00000005cc400000, 0x0000000715580000)
  object space 200704K, 2% used [0x00000005c0000000,0x00000005c058fbe0,0x00000005cc400000)
 Metaspace       used 21938K, capacity 23826K, committed 24192K, reserved 1071104K
  class space    used 2977K, capacity 3344K, committed 3456K, reserved 1048576K
}
Event: 2.388 GC heap before
{Heap before GC invocations=6 (full 1):
 PSYoungGen      total 153088K, used 134868K [0x0000000715580000, 0x0000000723f80000, 0x00000007c0000000)
  eden space 131584K, 100% used [0x0000000715580000,0x000000071d600000,0x000000071d600000)
  from space 21504K, 15% used [0x000000071eb00000,0x000000071ee35038,0x0000000720000000)
  to   space 21504K, 0% used [0x000000071d600000,0x000000071d600000,0x000000071eb00000)
 ParOldGen       total 200704K, used 5694K [0x00000005c0000000, 0x00000005cc400000, 0x0000000715580000)
  object space 200704K, 2% used [0x00000005c0000000,0x00000005c058fbe0,0x00000005cc400000)
 Metaspace       used 27003K, capacity 29000K, committed 29440K, reserved 1075200K
  class space    used 3609K, capacity 3971K, committed 4096K, reserved 1048576K
Event: 2.390 GC heap after
Heap after GC invocations=6 (full 1):
 PSYoungGen      total 153088K, used 6028K [0x0000000715580000, 0x0000000722380000, 0x00000007c0000000)
  eden space 131584K, 0% used [0x0000000715580000,0x0000000715580000,0x000000071d600000)
  from space 21504K, 28% used [0x000000071d600000,0x000000071dbe3230,0x000000071eb00000)
  to   space 8192K, 0% used [0x0000000721b80000,0x0000000721b80000,0x0000000722380000)
 ParOldGen       total 200704K, used 5702K [0x00000005c0000000, 0x00000005cc400000, 0x0000000715580000)
  object space 200704K, 2% used [0x00000005c0000000,0x00000005c0591be0,0x00000005cc400000)
 Metaspace       used 27003K, capacity 29000K, committed 29440K, reserved 1075200K
  class space    used 3609K, capacity 3971K, committed 4096K, reserved 1048576K
}
Event: 2.731 GC heap before
{Heap before GC invocations=7 (full 1):
 PSYoungGen      total 153088K, used 137612K [0x0000000715580000, 0x0000000722380000, 0x00000007c0000000)
  eden space 131584K, 100% used [0x0000000715580000,0x000000071d600000,0x000000071d600000)
  from space 21504K, 28% used [0x000000071d600000,0x000000071dbe3230,0x000000071eb00000)
  to   space 8192K, 0% used [0x0000000721b80000,0x0000000721b80000,0x0000000722380000)
 ParOldGen       total 200704K, used 5702K [0x00000005c0000000, 0x00000005cc400000, 0x0000000715580000)
  object space 200704K, 2% used [0x00000005c0000000,0x00000005c0591be0,0x00000005cc400000)
 Metaspace       used 32493K, capacity 34486K, committed 34816K, reserved 1079296K
  class space    used 4389K, capacity 4774K, committed 4864K, reserved 1048576K
Event: 2.734 GC heap after
Heap after GC invocations=7 (full 1):
 PSYoungGen      total 202240K, used 7626K [0x0000000715580000, 0x0000000722700000, 0x00000007c0000000)
  eden space 194048K, 0% used [0x0000000715580000,0x0000000715580000,0x0000000721300000)
  from space 8192K, 93% used [0x0000000721b80000,0x00000007222f2a10,0x0000000722380000)
  to   space 8704K, 0% used [0x0000000721300000,0x0000000721300000,0x0000000721b80000)
 ParOldGen       total 200704K, used 5710K [0x00000005c0000000, 0x00000005cc400000, 0x0000000715580000)
  object space 200704K, 2% used [0x00000005c0000000,0x00000005c0593be0,0x00000005cc400000)
 Metaspace       used 32493K, capacity 34486K, committed 34816K, reserved 1079296K
  class space    used 4389K, capacity 4774K, committed 4864K, reserved 1048576K
}
Event: 2.835 GC heap before
{Heap before GC invocations=8 (full 1):
 PSYoungGen      total 202240K, used 33641K [0x0000000715580000, 0x0000000722700000, 0x00000007c0000000)
  eden space 194048K, 13% used [0x0000000715580000,0x0000000716ee7a48,0x0000000721300000)
  from space 8192K, 93% used [0x0000000721b80000,0x00000007222f2a10,0x0000000722380000)
  to   space 8704K, 0% used [0x0000000721300000,0x0000000721300000,0x0000000721b80000)
 ParOldGen       total 200704K, used 5710K [0x00000005c0000000, 0x00000005cc400000, 0x0000000715580000)
  object space 200704K, 2% used [0x00000005c0000000,0x00000005c0593be0,0x00000005cc400000)
 Metaspace       used 33372K, capacity 35348K, committed 35504K, reserved 1079296K
  class space    used 4447K, capacity 4843K, committed 4864K, reserved 1048576K
Event: 2.837 GC heap after
Heap after GC invocations=8 (full 1):
 PSYoungGen      total 202752K, used 2842K [0x0000000715580000, 0x0000000729200000, 0x00000007c0000000)
  eden space 194048K, 0% used [0x0000000715580000,0x0000000715580000,0x0000000721300000)
  from space 8704K, 32% used [0x0000000721300000,0x00000007215c6a78,0x0000000721b80000)
  to   space 9216K, 0% used [0x0000000728900000,0x0000000728900000,0x0000000729200000)
 ParOldGen       total 200704K, used 5718K [0x00000005c0000000, 0x00000005cc400000, 0x0000000715580000)
  object space 200704K, 2% used [0x00000005c0000000,0x00000005c0595be0,0x00000005cc400000)
 Metaspace       used 33372K, capacity 35348K, committed 35504K, reserved 1079296K
  class space    used 4447K, capacity 4843K, committed 4864K, reserved 1048576K
}
Event: 2.837 GC heap before
{Heap before GC invocations=9 (full 2):
 PSYoungGen      total 202752K, used 2842K [0x0000000715580000, 0x0000000729200000, 0x00000007c0000000)
  eden space 194048K, 0% used [0x0000000715580000,0x0000000715580000,0x0000000721300000)
  from space 8704K, 32% used [0x0000000721300000,0x00000007215c6a78,0x0000000721b80000)
  to   space 9216K, 0% used [0x0000000728900000,0x0000000728900000,0x0000000729200000)
 ParOldGen       total 200704K, used 5718K [0x00000005c0000000, 0x00000005cc400000, 0x0000000715580000)
  object space 200704K, 2% used [0x00000005c0000000,0x00000005c0595be0,0x00000005cc400000)
 Metaspace       used 33372K, capacity 35348K, committed 35504K, reserved 1079296K
  class space    used 4447K, capacity 4843K, committed 4864K, reserved 1048576K
Event: 2.851 GC heap after
Heap after GC invocations=9 (full 2):
 PSYoungGen      total 202752K, used 0K [0x0000000715580000, 0x0000000729200000, 0x00000007c0000000)
  eden space 194048K, 0% used [0x0000000715580000,0x0000000715580000,0x0000000721300000)
  from space 8704K, 0% used [0x0000000721300000,0x0000000721300000,0x0000000721b80000)
  to   space 9216K, 0% used [0x0000000728900000,0x0000000728900000,0x0000000729200000)
 ParOldGen       total 302080K, used 7545K [0x00000005c0000000, 0x00000005d2700000, 0x0000000715580000)
  object space 302080K, 2% used [0x00000005c0000000,0x00000005c075e470,0x00000005d2700000)
 Metaspace       used 33372K, capacity 35348K, committed 35504K, reserved 1079296K
  class space    used 4447K, capacity 4843K, committed 4864K, reserved 1048576K
}

